inst_0 51 0 0
inst_1 72 40 0
inst_2 86 150 0
inst_3 74 40 0
inst_4 76 40 0
inst_5 78 42 0
inst_6 82 42 0
inst_7 68 40 0
inst_8 70 40 0
inst_9 70 47 0
inst_10 76 47 0
inst_11 76 67 0
inst_12 78 67 0
inst_13 78 65 0
inst_14 78 40 0
inst_15 78 30 0
inst_16 84 30 0
inst_17 88 62 0
inst_18 88 65 0
inst_19 92 65 0
inst_20 64 62 0
inst_21 62 62 0
inst_22 60 62 0
inst_23 60 47 0
inst_24 56 47 0
inst_25 62 47 0
inst_26 102 27 0
inst_27 102 12 0
inst_28 102 10 0
inst_29 18 65 0
inst_30 18 75 0
inst_31 14 65 0
inst_32 12 65 0
inst_33 10 65 0
inst_34 10 67 0
inst_35 16 65 0
inst_36 20 72 0
inst_37 20 110 0
inst_38 22 110 0
inst_39 4 77 0
inst_40 4 80 0
inst_41 6 80 0
inst_42 6 42 0
inst_43 4 42 0
inst_44 6 40 0
inst_45 2 67 0
inst_46 2 70 0
inst_47 2 72 0
inst_48 24 72 0
inst_49 26 72 0
inst_50 30 72 0
inst_51 40 40 0
inst_52 40 32 0
inst_53 40 27 0
inst_54 12 10 0
inst_55 10 10 0
inst_56 8 10 0
inst_57 72 75 0
inst_58 72 130 0
inst_59 76 75 0
inst_60 68 75 0
inst_61 68 92 0
inst_62 70 92 0
inst_63 74 75 0
inst_64 70 97 0
inst_65 68 105 0
inst_66 68 110 0
inst_67 92 67 0
inst_68 94 67 0
inst_69 94 65 0
inst_70 94 62 0
inst_71 94 57 0
inst_72 96 57 0
inst_73 100 57 0
inst_74 102 57 0
inst_75 102 62 0
inst_76 74 97 0
inst_77 76 97 0
inst_78 78 97 0
inst_79 82 97 0
inst_80 80 97 0
inst_81 80 102 0
inst_82 68 112 0
inst_83 68 115 0
inst_84 68 117 0
inst_85 86 30 0
inst_86 86 100 0
inst_87 88 25 0
inst_88 88 32 0
inst_89 90 37 0
inst_90 92 45 0
inst_91 88 30 0
inst_92 90 30 0
inst_93 90 32 0
inst_94 90 25 0
inst_95 94 10 0
inst_96 96 10 0
inst_97 98 10 0
inst_98 96 30 0
inst_99 98 32 0
inst_100 96 37 0
inst_101 92 97 0
inst_102 90 97 0
inst_103 88 97 0
inst_104 92 7 0
inst_105 94 7 0
inst_106 92 10 0
inst_107 70 22 0
inst_108 66 20 0
inst_109 56 20 0
inst_110 80 12 0
inst_111 80 5 0
inst_112 78 5 0
inst_113 46 40 0
inst_114 46 135 0
inst_115 44 40 0
inst_116 42 40 0
inst_117 28 35 0
inst_118 32 35 0
inst_119 48 40 0
inst_120 44 42 0
inst_121 42 65 0
inst_122 42 107 0
inst_123 28 70 0
inst_124 26 70 0
inst_125 26 67 0
inst_126 22 15 0
inst_127 22 12 0
inst_128 24 12 0
inst_129 32 12 0
inst_130 32 10 0
inst_131 34 10 0
inst_132 44 82 0
inst_133 42 82 0
inst_134 40 82 0
inst_135 42 67 0
inst_136 44 67 0
inst_137 42 70 0
inst_138 42 110 0
inst_139 42 112 0
inst_140 42 115 0
inst_141 58 85 0
inst_142 58 125 0
inst_143 56 85 0
inst_144 48 92 0
inst_145 44 102 0
inst_146 44 107 0
inst_147 60 85 0
inst_148 52 85 0
inst_149 26 100 0
inst_150 26 107 0
inst_151 36 102 0
inst_152 34 102 0
inst_153 32 102 0
inst_154 30 102 0
inst_155 30 105 0
inst_156 28 107 0
inst_157 26 115 0
inst_158 26 117 0
inst_159 28 117 0
inst_160 30 85 0
inst_161 28 85 0
inst_162 26 85 0
inst_163 26 17 0
inst_164 26 7 0
inst_165 30 7 0
inst_166 34 110 0
inst_167 34 115 0
inst_168 32 115 0
inst_169 72 55 0
inst_170 72 135 0
inst_171 76 55 0
inst_172 70 67 0
inst_173 70 95 0
inst_174 68 95 0
inst_175 74 55 0
inst_176 70 55 0
inst_177 70 57 0
inst_178 70 62 0
inst_179 88 80 0
inst_180 88 82 0
inst_181 84 82 0
inst_182 68 97 0
inst_183 66 97 0
inst_184 64 97 0
inst_185 64 102 0
inst_186 66 102 0
inst_187 68 102 0
inst_188 82 22 0
inst_189 82 20 0
inst_190 80 20 0
inst_191 64 55 0
inst_192 54 55 0
inst_193 54 57 0
inst_194 56 110 0
inst_195 60 110 0
inst_196 62 117 0
inst_197 18 10 0
inst_198 58 60 0
inst_199 16 10 0
inst_200 14 10 0
inst_201 12 47 0
inst_202 8 47 0
inst_203 20 10 0
inst_204 16 12 0
inst_205 8 40 0
inst_206 2 42 0
inst_207 2 20 0
inst_208 2 25 0
inst_209 2 27 0
inst_210 2 47 0
inst_211 2 50 0
inst_212 2 52 0
inst_213 8 75 0
inst_214 12 80 0
inst_215 10 80 0
inst_216 26 62 0
inst_217 30 62 0
inst_218 28 62 0
inst_219 28 47 0
inst_220 30 47 0
inst_221 22 47 0
inst_222 8 42 0
inst_223 10 42 0
inst_224 12 42 0
inst_225 46 0 0
inst_226 58 75 0
inst_227 42 0 0
inst_228 48 0 0
inst_229 48 2 0
inst_230 42 2 0
inst_231 44 0 0
inst_232 44 2 0
inst_233 44 92 0
inst_234 44 95 0
inst_235 36 87 0
inst_236 34 87 0
inst_237 38 87 0
inst_238 38 22 0
inst_239 38 20 0
inst_240 38 15 0
inst_241 38 7 0
inst_242 38 5 0
inst_243 40 5 0
inst_244 40 100 0
inst_245 42 100 0
inst_246 38 100 0
inst_247 40 95 0
inst_248 42 95 0
inst_249 42 97 0
inst_250 44 97 0
inst_251 44 100 0
inst_252 48 100 0
inst_253 58 30 0
inst_254 86 135 0
inst_255 60 30 0
inst_256 64 32 0
inst_257 78 90 0
inst_258 82 90 0
inst_259 62 30 0
inst_260 62 32 0
inst_261 62 60 0
inst_262 60 60 0
inst_263 90 80 0
inst_264 90 82 0
inst_265 92 82 0
inst_266 92 100 0
inst_267 92 102 0
inst_268 90 102 0
inst_269 90 110 0
inst_270 90 112 0
inst_271 88 112 0
inst_272 80 52 0
inst_273 88 52 0
inst_274 88 55 0
inst_275 62 57 0
inst_276 60 57 0
inst_277 64 57 0
inst_278 90 47 0
inst_279 98 47 0
inst_280 98 45 0
inst_281 46 65 0
inst_282 18 115 0
inst_283 44 65 0
inst_284 44 72 0
inst_285 38 72 0
inst_286 36 72 0
inst_287 48 65 0
inst_288 48 67 0
inst_289 48 77 0
inst_290 44 77 0
inst_291 42 92 0
inst_292 40 92 0
inst_293 38 92 0
inst_294 38 35 0
inst_295 36 35 0
inst_296 36 32 0
inst_297 14 12 0
inst_298 8 12 0
inst_299 6 12 0
inst_300 22 87 0
inst_301 20 87 0
inst_302 24 87 0
inst_303 42 77 0
inst_304 42 47 0
inst_305 40 47 0
inst_306 40 105 0
inst_307 40 110 0
inst_308 36 110 0
inst_309 72 65 0
inst_310 72 110 0
inst_311 70 65 0
inst_312 74 102 0
inst_313 74 110 0
inst_314 80 110 0
inst_315 74 65 0
inst_316 68 70 0
inst_317 64 85 0
inst_318 64 92 0
inst_319 70 102 0
inst_320 70 105 0
inst_321 74 105 0
inst_322 80 105 0
inst_323 82 105 0
inst_324 82 107 0
inst_325 78 112 0
inst_326 76 112 0
inst_327 74 112 0
inst_328 66 95 0
inst_329 64 95 0
inst_330 62 95 0
inst_331 62 85 0
inst_332 56 82 0
inst_333 62 82 0
inst_334 62 105 0
inst_335 62 110 0
inst_336 64 110 0
inst_337 58 40 0
inst_338 86 125 0
inst_339 56 40 0
inst_340 60 42 0
inst_341 64 52 0
inst_342 66 82 0
inst_343 60 40 0
inst_344 62 40 0
inst_345 94 40 0
inst_346 92 40 0
inst_347 100 60 0
inst_348 102 60 0
inst_349 96 60 0
inst_350 80 55 0
inst_351 80 57 0
inst_352 76 60 0
inst_353 94 95 0
inst_354 96 95 0
inst_355 98 95 0
inst_356 78 95 0
inst_357 90 95 0
inst_358 92 95 0
inst_359 92 42 0
inst_360 92 37 0
inst_361 92 35 0
inst_362 92 5 0
inst_363 94 2 0
inst_364 92 2 0
inst_365 46 80 0
inst_366 18 95 0
inst_367 48 80 0
inst_368 40 85 0
inst_369 36 85 0
inst_370 34 85 0
inst_371 44 80 0
inst_372 38 80 0
inst_373 30 80 0
inst_374 28 80 0
inst_375 12 87 0
inst_376 8 87 0
inst_377 10 87 0
inst_378 26 57 0
inst_379 26 55 0
inst_380 26 50 0
inst_381 24 27 0
inst_382 24 25 0
inst_383 22 25 0
inst_384 14 82 0
inst_385 14 80 0
inst_386 22 80 0
inst_387 24 77 0
inst_388 24 70 0
inst_389 22 65 0
inst_390 22 67 0
inst_391 20 67 0
inst_392 16 67 0
inst_393 72 30 0
inst_394 86 140 0
inst_395 74 30 0
inst_396 76 30 0
inst_397 76 32 0
inst_398 78 32 0
inst_399 70 30 0
inst_400 74 32 0
inst_401 76 82 0
inst_402 76 85 0
inst_403 92 27 0
inst_404 92 22 0
inst_405 90 22 0
inst_406 80 17 0
inst_407 78 17 0
inst_408 78 20 0
inst_409 76 95 0
inst_410 76 105 0
inst_411 78 105 0
inst_412 70 90 0
inst_413 74 90 0
inst_414 76 90 0
inst_415 78 87 0
inst_416 74 87 0
inst_417 78 92 0
inst_418 98 92 0
inst_419 102 92 0
inst_420 102 95 0
inst_421 18 45 0
inst_422 58 120 0
inst_423 16 45 0
inst_424 22 45 0
inst_425 22 52 0
inst_426 22 77 0
inst_427 20 45 0
inst_428 14 45 0
inst_429 10 45 0
inst_430 10 47 0
inst_431 42 32 0
inst_432 48 32 0
inst_433 48 37 0
inst_434 4 52 0
inst_435 2 55 0
inst_436 4 55 0
inst_437 24 120 0
inst_438 26 120 0
inst_439 28 120 0
inst_440 20 35 0
inst_441 20 32 0
inst_442 24 32 0
inst_443 24 45 0
inst_444 24 52 0
inst_445 24 57 0
inst_446 6 90 0
inst_447 6 95 0
inst_448 6 97 0
inst_449 86 50 0
inst_450 72 155 0
inst_451 90 50 0
inst_452 84 52 0
inst_453 82 55 0
inst_454 82 52 0
inst_455 88 50 0
inst_456 84 50 0
inst_457 84 55 0
inst_458 88 75 0
inst_459 94 85 0
inst_460 92 85 0
inst_461 88 85 0
inst_462 80 45 0
inst_463 80 30 0
inst_464 82 30 0
inst_465 82 67 0
inst_466 80 75 0
inst_467 80 77 0
inst_468 88 22 0
inst_469 88 17 0
inst_470 90 17 0
inst_471 84 0 0
inst_472 80 0 0
inst_473 82 0 0
inst_474 98 87 0
inst_475 100 97 0
inst_476 98 97 0
inst_477 86 35 0
inst_478 86 130 0
inst_479 84 35 0
inst_480 84 42 0
inst_481 84 87 0
inst_482 84 95 0
inst_483 88 35 0
inst_484 82 35 0
inst_485 68 37 0
inst_486 66 37 0
inst_487 84 90 0
inst_488 84 92 0
inst_489 82 92 0
inst_490 80 90 0
inst_491 80 95 0
inst_492 82 95 0
inst_493 82 102 0
inst_494 88 102 0
inst_495 88 105 0
inst_496 100 40 0
inst_497 100 42 0
inst_498 98 42 0
inst_499 64 37 0
inst_500 60 37 0
inst_501 62 37 0
inst_502 62 77 0
inst_503 64 80 0
inst_504 66 80 0
inst_505 46 70 0
inst_506 46 100 0
inst_507 48 70 0
inst_508 30 70 0
inst_509 12 70 0
inst_510 14 70 0
inst_511 44 70 0
inst_512 32 70 0
inst_513 12 72 0
inst_514 10 72 0
inst_515 8 52 0
inst_516 8 50 0
inst_517 10 50 0
inst_518 12 45 0
inst_519 12 32 0
inst_520 12 30 0
inst_521 40 12 0
inst_522 44 12 0
inst_523 42 12 0
inst_524 8 57 0
inst_525 8 55 0
inst_526 6 55 0
inst_527 6 47 0
inst_528 8 45 0
inst_529 6 45 0
inst_530 8 77 0
inst_531 8 80 0
inst_532 8 85 0
inst_533 58 10 0
inst_534 72 85 0
inst_535 60 10 0
inst_536 60 12 0
inst_537 60 32 0
inst_538 56 32 0
inst_539 56 10 0
inst_540 62 10 0
inst_541 94 15 0
inst_542 96 15 0
inst_543 94 27 0
inst_544 94 30 0
inst_545 92 30 0
inst_546 56 30 0
inst_547 54 30 0
inst_548 54 32 0
inst_549 54 70 0
inst_550 54 75 0
inst_551 56 75 0
inst_552 92 47 0
inst_553 94 47 0
inst_554 96 47 0
inst_555 94 17 0
inst_556 96 17 0
inst_557 98 17 0
inst_558 96 82 0
inst_559 96 85 0
inst_560 98 85 0
inst_561 86 65 0
inst_562 86 145 0
inst_563 90 65 0
inst_564 80 65 0
inst_565 66 70 0
inst_566 64 70 0
inst_567 84 65 0
inst_568 82 65 0
inst_569 78 75 0
inst_570 78 80 0
inst_571 56 92 0
inst_572 56 95 0
inst_573 54 95 0
inst_574 52 70 0
inst_575 52 67 0
inst_576 54 67 0
inst_577 64 87 0
inst_578 66 87 0
inst_579 66 92 0
inst_580 66 75 0
inst_581 64 75 0
inst_582 62 75 0
inst_583 62 72 0
inst_584 64 72 0
inst_585 66 72 0
inst_586 78 102 0
inst_587 82 110 0
inst_588 82 112 0
inst_589 18 15 0
inst_590 46 155 0
inst_591 16 17 0
inst_592 20 15 0
inst_593 28 20 0
inst_594 26 20 0
inst_595 16 15 0
inst_596 8 15 0
inst_597 4 25 0
inst_598 4 27 0
inst_599 10 17 0
inst_600 12 17 0
inst_601 14 17 0
inst_602 36 25 0
inst_603 38 25 0
inst_604 38 27 0
inst_605 28 37 0
inst_606 28 50 0
inst_607 28 55 0
inst_608 6 15 0
inst_609 4 15 0
inst_610 4 17 0
inst_611 2 30 0
inst_612 2 40 0
inst_613 2 45 0
inst_614 2 95 0
inst_615 2 97 0
inst_616 2 100 0
inst_617 46 60 0
inst_618 46 120 0
inst_619 44 60 0
inst_620 50 60 0
inst_621 50 67 0
inst_622 50 70 0
inst_623 48 60 0
inst_624 38 60 0
inst_625 36 60 0
inst_626 38 62 0
inst_627 36 57 0
inst_628 36 55 0
inst_629 42 55 0
inst_630 48 57 0
inst_631 50 57 0
inst_632 50 62 0
inst_633 50 107 0
inst_634 50 110 0
inst_635 50 112 0
inst_636 38 70 0
inst_637 34 70 0
inst_638 36 70 0
inst_639 36 15 0
inst_640 38 12 0
inst_641 36 12 0
inst_642 14 57 0
inst_643 12 57 0
inst_644 10 57 0
inst_645 46 10 0
inst_646 18 145 0
inst_647 44 10 0
inst_648 48 12 0
inst_649 48 47 0
inst_650 48 50 0
inst_651 48 10 0
inst_652 42 10 0
inst_653 34 77 0
inst_654 34 105 0
inst_655 42 80 0
inst_656 40 80 0
inst_657 50 80 0
inst_658 50 50 0
inst_659 50 52 0
inst_660 48 52 0
inst_661 48 110 0
inst_662 44 110 0
inst_663 44 112 0
inst_664 14 15 0
inst_665 10 15 0
inst_666 12 15 0
inst_667 32 75 0
inst_668 34 75 0
inst_669 30 75 0
inst_670 26 110 0
inst_671 24 110 0
inst_672 24 112 0
inst_673 18 35 0
inst_674 18 100 0
inst_675 16 37 0
inst_676 20 37 0
inst_677 20 47 0
inst_678 16 47 0
inst_679 22 35 0
inst_680 16 35 0
inst_681 14 35 0
inst_682 12 35 0
inst_683 10 97 0
inst_684 4 97 0
inst_685 4 95 0
inst_686 4 47 0
inst_687 4 50 0
inst_688 6 50 0
inst_689 6 57 0
inst_690 4 60 0
inst_691 6 60 0
inst_692 26 60 0
inst_693 28 60 0
inst_694 34 60 0
inst_695 34 30 0
inst_696 34 22 0
inst_697 36 22 0
inst_698 36 97 0
inst_699 36 100 0
inst_700 34 100 0
inst_701 18 30 0
inst_702 18 110 0
inst_703 14 30 0
inst_704 16 30 0
inst_705 16 27 0
inst_706 20 27 0
inst_707 16 32 0
inst_708 20 30 0
inst_709 22 37 0
inst_710 24 37 0
inst_711 4 70 0
inst_712 4 72 0
inst_713 8 72 0
inst_714 16 7 0
inst_715 34 7 0
inst_716 36 7 0
inst_717 36 10 0
inst_718 38 10 0
inst_719 40 10 0
inst_720 12 82 0
inst_721 10 82 0
inst_722 8 82 0
inst_723 6 37 0
inst_724 4 37 0
inst_725 2 37 0
inst_726 2 82 0
inst_727 2 85 0
inst_728 6 85 0
inst_729 18 40 0
inst_730 18 140 0
inst_731 16 42 0
inst_732 14 47 0
inst_733 14 72 0
inst_734 14 87 0
inst_735 14 40 0
inst_736 16 40 0
inst_737 24 40 0
inst_738 22 40 0
inst_739 10 75 0
inst_740 10 77 0
inst_741 6 77 0
inst_742 4 67 0
inst_743 4 62 0
inst_744 6 62 0
inst_745 8 105 0
inst_746 12 107 0
inst_747 14 107 0
inst_748 8 37 0
inst_749 8 32 0
inst_750 10 32 0
inst_751 24 20 0
inst_752 24 17 0
inst_753 24 15 0
inst_754 6 10 0
inst_755 6 7 0
inst_756 8 7 0
inst_757 86 70 0
inst_758 72 115 0
inst_759 88 70 0
inst_760 84 70 0
inst_761 84 102 0
inst_762 84 105 0
inst_763 82 70 0
inst_764 80 70 0
inst_765 78 70 0
inst_766 78 72 0
inst_767 70 12 0
inst_768 66 12 0
inst_769 66 15 0
inst_770 64 30 0
inst_771 66 30 0
inst_772 68 30 0
inst_773 80 112 0
inst_774 80 115 0
inst_775 78 115 0
inst_776 50 15 0
inst_777 50 10 0
inst_778 50 12 0
inst_779 50 72 0
inst_780 52 80 0
inst_781 52 90 0
inst_782 62 112 0
inst_783 62 115 0
inst_784 64 115 0
inst_785 72 70 0
inst_786 86 155 0
inst_787 70 70 0
inst_788 76 72 0
inst_789 84 75 0
inst_790 82 75 0
inst_791 74 70 0
inst_792 70 72 0
inst_793 70 82 0
inst_794 70 85 0
inst_795 70 75 0
inst_796 70 77 0
inst_797 78 77 0
inst_798 82 77 0
inst_799 84 77 0
inst_800 92 77 0
inst_801 96 75 0
inst_802 96 72 0
inst_803 98 72 0
inst_804 96 55 0
inst_805 96 52 0
inst_806 98 52 0
inst_807 98 50 0
inst_808 102 50 0
inst_809 102 52 0
inst_810 78 57 0
inst_811 76 57 0
inst_812 74 57 0
inst_813 86 60 0
inst_814 86 80 0
inst_815 88 60 0
inst_816 84 62 0
inst_817 80 62 0
inst_818 82 62 0
inst_819 82 60 0
inst_820 80 60 0
inst_821 54 60 0
inst_822 54 62 0
inst_823 54 65 0
inst_824 52 65 0
inst_825 50 65 0
inst_826 50 47 0
inst_827 50 42 0
inst_828 50 37 0
inst_829 88 37 0
inst_830 88 27 0
inst_831 90 27 0
inst_832 56 102 0
inst_833 54 102 0
inst_834 52 102 0
inst_835 52 62 0
inst_836 52 60 0
inst_837 52 57 0
inst_838 52 20 0
inst_839 50 17 0
inst_840 52 17 0
inst_841 18 85 0
inst_842 46 115 0
inst_843 14 85 0
inst_844 16 87 0
inst_845 10 90 0
inst_846 8 90 0
inst_847 16 85 0
inst_848 12 85 0
inst_849 6 87 0
inst_850 4 87 0
inst_851 12 40 0
inst_852 10 40 0
inst_853 10 37 0
inst_854 10 25 0
inst_855 10 22 0
inst_856 8 22 0
inst_857 8 95 0
inst_858 8 97 0
inst_859 8 100 0
inst_860 6 75 0
inst_861 6 72 0
inst_862 6 67 0
inst_863 8 67 0
inst_864 8 65 0
inst_865 6 65 0
inst_866 4 65 0
inst_867 2 62 0
inst_868 2 65 0
inst_869 86 45 0
inst_870 72 150 0
inst_871 88 45 0
inst_872 84 47 0
inst_873 66 65 0
inst_874 66 117 0
inst_875 84 45 0
inst_876 82 45 0
inst_877 76 65 0
inst_878 76 70 0
inst_879 102 65 0
inst_880 100 65 0
inst_881 98 65 0
inst_882 68 65 0
inst_883 68 67 0
inst_884 66 67 0
inst_885 66 120 0
inst_886 68 120 0
inst_887 68 122 0
inst_888 66 7 0
inst_889 64 7 0
inst_890 64 10 0
inst_891 64 65 0
inst_892 62 65 0
inst_893 64 67 0
inst_894 80 107 0
inst_895 88 107 0
inst_896 90 107 0
inst_897 72 50 0
inst_898 86 55 0
inst_899 70 50 0
inst_900 92 50 0
inst_901 96 62 0
inst_902 96 65 0
inst_903 74 50 0
inst_904 76 50 0
inst_905 94 50 0
inst_906 96 50 0
inst_907 94 77 0
inst_908 96 77 0
inst_909 98 77 0
inst_910 100 67 0
inst_911 100 55 0
inst_912 102 55 0
inst_913 102 70 0
inst_914 102 72 0
inst_915 100 72 0
inst_916 90 52 0
inst_917 90 57 0
inst_918 92 57 0
inst_919 96 45 0
inst_920 102 45 0
inst_921 102 42 0
inst_922 100 27 0
inst_923 98 27 0
inst_924 96 27 0
inst_925 72 25 0
inst_926 72 90 0
inst_927 74 25 0
inst_928 76 25 0
inst_929 84 25 0
inst_930 82 25 0
inst_931 70 25 0
inst_932 64 25 0
inst_933 52 40 0
inst_934 50 40 0
inst_935 80 100 0
inst_936 82 100 0
inst_937 84 100 0
inst_938 84 17 0
inst_939 84 2 0
inst_940 82 2 0
inst_941 84 97 0
inst_942 94 97 0
inst_943 96 97 0
inst_944 64 50 0
inst_945 66 50 0
inst_946 62 50 0
inst_947 56 42 0
inst_948 56 37 0
inst_949 56 27 0
inst_950 54 12 0
inst_951 54 10 0
inst_952 52 10 0
inst_953 72 5 0
inst_954 72 100 0
inst_955 68 5 0
inst_956 70 5 0
inst_957 68 62 0
inst_958 68 87 0
inst_959 74 5 0
inst_960 74 7 0
inst_961 74 27 0
inst_962 70 27 0
inst_963 98 62 0
inst_964 100 62 0
inst_965 98 60 0
inst_966 64 47 0
inst_967 64 42 0
inst_968 62 42 0
inst_969 54 100 0
inst_970 54 110 0
inst_971 52 110 0
inst_972 80 40 0
inst_973 80 42 0
inst_974 76 42 0
inst_975 76 37 0
inst_976 78 37 0
inst_977 74 37 0
inst_978 70 35 0
inst_979 68 35 0
inst_980 64 35 0
inst_981 18 55 0
inst_982 46 105 0
inst_983 24 55 0
inst_984 16 55 0
inst_985 16 57 0
inst_986 16 72 0
inst_987 20 55 0
inst_988 22 55 0
inst_989 22 57 0
inst_990 22 95 0
inst_991 28 7 0
inst_992 28 5 0
inst_993 26 5 0
inst_994 26 12 0
inst_995 28 12 0
inst_996 26 15 0
inst_997 24 75 0
inst_998 26 82 0
inst_999 28 82 0
inst_1000 24 30 0
inst_1001 26 30 0
inst_1002 26 32 0
inst_1003 26 40 0
inst_1004 26 42 0
inst_1005 24 42 0
inst_1006 12 100 0
inst_1007 6 100 0
inst_1008 4 100 0
inst_1009 58 55 0
inst_1010 72 140 0
inst_1011 62 55 0
inst_1012 60 55 0
inst_1013 60 82 0
inst_1014 60 87 0
inst_1015 56 55 0
inst_1016 56 57 0
inst_1017 56 60 0
inst_1018 56 62 0
inst_1019 102 17 0
inst_1020 102 15 0
inst_1021 100 15 0
inst_1022 60 77 0
inst_1023 54 82 0
inst_1024 54 85 0
inst_1025 60 95 0
inst_1026 60 97 0
inst_1027 60 100 0
inst_1028 82 27 0
inst_1029 84 27 0
inst_1030 80 27 0
inst_1031 54 27 0
inst_1032 50 27 0
inst_1033 52 27 0
inst_1034 76 115 0
inst_1035 76 117 0
inst_1036 78 117 0
inst_1037 18 20 0
inst_1038 58 105 0
inst_1039 16 20 0
inst_1040 30 27 0
inst_1041 34 32 0
inst_1042 34 35 0
inst_1043 20 20 0
inst_1044 32 20 0
inst_1045 36 20 0
inst_1046 34 20 0
inst_1047 40 60 0
inst_1048 42 60 0
inst_1049 42 57 0
inst_1050 38 45 0
inst_1051 36 45 0
inst_1052 36 47 0
inst_1053 36 62 0
inst_1054 34 65 0
inst_1055 36 65 0
inst_1056 34 37 0
inst_1057 34 42 0
inst_1058 36 42 0
inst_1059 38 2 0
inst_1060 36 2 0
inst_1061 34 2 0
inst_1062 34 0 0
inst_1063 30 0 0
inst_1064 32 0 0
inst_1065 46 85 0
inst_1066 18 105 0
inst_1067 44 85 0
inst_1068 38 85 0
inst_1069 32 85 0
inst_1070 28 90 0
inst_1071 42 85 0
inst_1072 36 95 0
inst_1073 14 95 0
inst_1074 12 97 0
inst_1075 36 80 0
inst_1076 34 80 0
inst_1077 32 80 0
inst_1078 2 77 0
inst_1079 2 75 0
inst_1080 4 75 0
inst_1081 2 60 0
inst_1082 2 57 0
inst_1083 4 57 0
inst_1084 32 95 0
inst_1085 28 95 0
inst_1086 26 95 0
inst_1087 26 27 0
inst_1088 26 22 0
inst_1089 26 25 0
inst_1090 6 82 0
inst_1091 4 82 0
inst_1092 4 85 0
inst_1093 58 65 0
inst_1094 72 105 0
inst_1095 56 65 0
inst_1096 56 67 0
inst_1097 56 87 0
inst_1098 56 90 0
inst_1099 60 65 0
inst_1100 56 70 0
inst_1101 56 72 0
inst_1102 54 72 0
inst_1103 60 90 0
inst_1104 62 90 0
inst_1105 60 92 0
inst_1106 62 92 0
inst_1107 62 97 0
inst_1108 64 100 0
inst_1109 94 100 0
inst_1110 94 102 0
inst_1111 96 102 0
inst_1112 98 75 0
inst_1113 100 75 0
inst_1114 102 75 0
inst_1115 100 77 0
inst_1116 100 87 0
inst_1117 100 90 0
inst_1118 68 107 0
inst_1119 70 107 0
inst_1120 70 110 0
inst_1121 46 15 0
inst_1122 18 120 0
inst_1123 48 15 0
inst_1124 44 15 0
inst_1125 40 15 0
inst_1126 42 15 0
inst_1127 48 17 0
inst_1128 34 15 0
inst_1129 28 30 0
inst_1130 28 32 0
inst_1131 36 27 0
inst_1132 32 27 0
inst_1133 34 27 0
inst_1134 34 12 0
inst_1135 30 10 0
inst_1136 30 12 0
inst_1137 30 92 0
inst_1138 30 95 0
inst_1139 24 95 0
inst_1140 8 17 0
inst_1141 6 17 0
inst_1142 4 20 0
inst_1143 4 30 0
inst_1144 4 40 0
inst_1145 4 45 0
inst_1146 2 80 0
inst_1147 2 87 0
inst_1148 2 90 0
inst_1149 72 45 0
inst_1150 86 105 0
inst_1151 76 45 0
inst_1152 78 45 0
inst_1153 100 45 0
inst_1154 102 47 0
inst_1155 74 45 0
inst_1156 70 45 0
inst_1157 64 45 0
inst_1158 62 45 0
inst_1159 102 30 0
inst_1160 98 30 0
inst_1161 100 30 0
inst_1162 100 32 0
inst_1163 102 32 0
inst_1164 102 40 0
inst_1165 102 67 0
inst_1166 100 82 0
inst_1167 98 82 0
inst_1168 56 52 0
inst_1169 52 52 0
inst_1170 54 52 0
inst_1171 54 42 0
inst_1172 54 40 0
inst_1173 54 37 0
inst_1174 62 35 0
inst_1175 62 0 0
inst_1176 64 0 0
inst_1177 18 60 0
inst_1178 58 155 0
inst_1179 16 60 0
inst_1180 14 60 0
inst_1181 10 60 0
inst_1182 10 85 0
inst_1183 20 60 0
inst_1184 20 65 0
inst_1185 20 92 0
inst_1186 20 95 0
inst_1187 2 17 0
inst_1188 2 15 0
inst_1189 2 12 0
inst_1190 4 12 0
inst_1191 12 12 0
inst_1192 10 12 0
inst_1193 10 105 0
inst_1194 10 107 0
inst_1195 8 107 0
inst_1196 28 67 0
inst_1197 30 67 0
inst_1198 34 67 0
inst_1199 24 67 0
inst_1200 24 65 0
inst_1201 26 65 0
inst_1202 26 112 0
inst_1203 28 112 0
inst_1204 30 112 0
inst_1205 58 35 0
inst_1206 86 90 0
inst_1207 56 35 0
inst_1208 60 45 0
inst_1209 60 52 0
inst_1210 62 52 0
inst_1211 60 35 0
inst_1212 54 35 0
inst_1213 52 35 0
inst_1214 52 37 0
inst_1215 92 60 0
inst_1216 94 60 0
inst_1217 90 60 0
inst_1218 68 57 0
inst_1219 66 57 0
inst_1220 66 62 0
inst_1221 94 82 0
inst_1222 102 87 0
inst_1223 102 90 0
inst_1224 96 87 0
inst_1225 96 92 0
inst_1226 94 92 0
inst_1227 52 30 0
inst_1228 52 25 0
inst_1229 52 22 0
inst_1230 52 72 0
inst_1231 56 77 0
inst_1232 54 77 0
inst_1233 46 35 0
inst_1234 58 95 0
inst_1235 44 35 0
inst_1236 42 35 0
inst_1237 40 35 0
inst_1238 40 37 0
inst_1239 48 35 0
inst_1240 44 37 0
inst_1241 40 55 0
inst_1242 38 55 0
inst_1243 26 90 0
inst_1244 26 92 0
inst_1245 24 92 0
inst_1246 22 20 0
inst_1247 22 17 0
inst_1248 20 17 0
inst_1249 12 60 0
inst_1250 12 62 0
inst_1251 14 62 0
inst_1252 40 75 0
inst_1253 38 75 0
inst_1254 36 75 0
inst_1255 38 57 0
inst_1256 40 57 0
inst_1257 40 62 0
inst_1258 40 70 0
inst_1259 40 72 0
inst_1260 42 72 0
inst_1261 58 20 0
inst_1262 86 115 0
inst_1263 60 20 0
inst_1264 60 22 0
inst_1265 88 90 0
inst_1266 92 90 0
inst_1267 54 20 0
inst_1268 62 20 0
inst_1269 64 20 0
inst_1270 64 82 0
inst_1271 64 90 0
inst_1272 66 90 0
inst_1273 68 90 0
inst_1274 94 90 0
inst_1275 98 90 0
inst_1276 96 90 0
inst_1277 96 100 0
inst_1278 98 100 0
inst_1279 98 102 0
inst_1280 102 25 0
inst_1281 100 25 0
inst_1282 98 25 0
inst_1283 96 7 0
inst_1284 96 5 0
inst_1285 94 5 0
inst_1286 84 107 0
inst_1287 84 110 0
inst_1288 84 112 0
inst_1289 46 20 0
inst_1290 46 95 0
inst_1291 44 20 0
inst_1292 42 20 0
inst_1293 40 30 0
inst_1294 36 30 0
inst_1295 48 20 0
inst_1296 40 20 0
inst_1297 32 57 0
inst_1298 30 57 0
inst_1299 28 97 0
inst_1300 26 97 0
inst_1301 30 97 0
inst_1302 30 40 0
inst_1303 30 37 0
inst_1304 32 37 0
inst_1305 32 82 0
inst_1306 32 87 0
inst_1307 32 90 0
inst_1308 14 7 0
inst_1309 12 7 0
inst_1310 10 7 0
inst_1311 10 70 0
inst_1312 8 70 0
inst_1313 6 70 0
inst_1314 10 62 0
inst_1315 8 62 0
inst_1316 8 60 0
inst_1317 18 80 0
inst_1318 58 135 0
inst_1319 16 80 0
inst_1320 20 80 0
inst_1321 24 82 0
inst_1322 30 82 0
inst_1323 16 82 0
inst_1324 16 92 0
inst_1325 16 95 0
inst_1326 16 97 0
inst_1327 16 52 0
inst_1328 16 50 0
inst_1329 14 50 0
inst_1330 24 50 0
inst_1331 24 47 0
inst_1332 26 47 0
inst_1333 30 42 0
inst_1334 48 42 0
inst_1335 52 42 0
inst_1336 24 105 0
inst_1337 26 105 0
inst_1338 28 105 0
inst_1339 28 92 0
inst_1340 34 72 0
inst_1341 32 72 0
inst_1342 36 112 0
inst_1343 36 115 0
inst_1344 38 115 0
inst_1345 86 15 0
inst_1346 86 10 0
inst_1347 88 15 0
inst_1348 90 15 0
inst_1349 94 20 0
inst_1350 96 20 0
inst_1351 84 15 0
inst_1352 84 22 0
inst_1353 94 80 0
inst_1354 96 80 0
inst_1355 100 80 0
inst_1356 102 80 0
inst_1357 102 77 0
inst_1358 102 22 0
inst_1359 100 22 0
inst_1360 98 22 0
inst_1361 100 17 0
inst_1362 100 12 0
inst_1363 100 10 0
inst_1364 82 87 0
inst_1365 80 87 0
inst_1366 84 85 0
inst_1367 84 80 0
inst_1368 84 67 0
inst_1369 88 67 0
inst_1370 88 72 0
inst_1371 84 72 0
inst_1372 82 72 0
inst_1373 58 80 0
inst_1374 58 130 0
inst_1375 60 80 0
inst_1376 62 87 0
inst_1377 76 100 0
inst_1378 78 100 0
inst_1379 62 80 0
inst_1380 56 80 0
inst_1381 56 97 0
inst_1382 56 100 0
inst_1383 88 87 0
inst_1384 90 87 0
inst_1385 90 90 0
inst_1386 76 102 0
inst_1387 76 107 0
inst_1388 74 107 0
inst_1389 78 107 0
inst_1390 78 110 0
inst_1391 76 110 0
inst_1392 62 2 0
inst_1393 64 2 0
inst_1394 60 2 0
inst_1395 54 97 0
inst_1396 52 97 0
inst_1397 52 100 0
inst_1398 52 105 0
inst_1399 50 105 0
inst_1400 48 107 0
inst_1401 58 25 0
inst_1402 72 120 0
inst_1403 56 25 0
inst_1404 60 27 0
inst_1405 66 27 0
inst_1406 66 25 0
inst_1407 60 25 0
inst_1408 62 25 0
inst_1409 62 27 0
inst_1410 62 100 0
inst_1411 54 80 0
inst_1412 52 82 0
inst_1413 50 82 0
inst_1414 68 7 0
inst_1415 70 7 0
inst_1416 76 7 0
inst_1417 76 20 0
inst_1418 90 20 0
inst_1419 92 20 0
inst_1420 80 25 0
inst_1421 80 22 0
inst_1422 78 22 0
inst_1423 56 22 0
inst_1424 54 22 0
inst_1425 54 25 0
inst_1426 66 115 0
inst_1427 74 115 0
inst_1428 74 117 0
inst_1429 46 75 0
inst_1430 58 150 0
inst_1431 50 75 0
inst_1432 48 82 0
inst_1433 50 90 0
inst_1434 50 92 0
inst_1435 44 75 0
inst_1436 42 75 0
inst_1437 36 90 0
inst_1438 36 105 0
inst_1439 48 85 0
inst_1440 48 87 0
inst_1441 50 87 0
inst_1442 50 85 0
inst_1443 50 55 0
inst_1444 52 55 0
inst_1445 48 112 0
inst_1446 48 115 0
inst_1447 50 115 0
inst_1448 38 82 0
inst_1449 34 82 0
inst_1450 36 82 0
inst_1451 36 40 0
inst_1452 36 37 0
inst_1453 38 37 0
inst_1454 38 110 0
inst_1455 38 112 0
inst_1456 40 112 0
inst_1457 72 10 0
inst_1458 86 85 0
inst_1459 74 10 0
inst_1460 76 12 0
inst_1461 76 15 0
inst_1462 76 17 0
inst_1463 70 10 0
inst_1464 74 12 0
inst_1465 76 27 0
inst_1466 78 27 0
inst_1467 92 12 0
inst_1468 92 15 0
inst_1469 92 17 0
inst_1470 66 17 0
inst_1471 56 17 0
inst_1472 54 17 0
inst_1473 68 72 0
inst_1474 68 82 0
inst_1475 74 82 0
inst_1476 66 85 0
inst_1477 68 85 0
inst_1478 74 85 0
inst_1479 76 35 0
inst_1480 78 35 0
inst_1481 80 35 0
inst_1482 90 40 0
inst_1483 90 42 0
inst_1484 90 45 0
inst_1485 46 25 0
inst_1486 58 115 0
inst_1487 42 25 0
inst_1488 48 25 0
inst_1489 48 27 0
inst_1490 50 25 0
inst_1491 44 25 0
inst_1492 44 32 0
inst_1493 40 65 0
inst_1494 38 65 0
inst_1495 22 97 0
inst_1496 20 97 0
inst_1497 24 97 0
inst_1498 42 27 0
inst_1499 44 27 0
inst_1500 44 22 0
inst_1501 48 22 0
inst_1502 50 22 0
inst_1503 50 20 0
inst_1504 44 57 0
inst_1505 44 62 0
inst_1506 42 62 0
inst_1507 40 77 0
inst_1508 38 77 0
inst_1509 36 77 0
inst_1510 38 105 0
inst_1511 40 107 0
inst_1512 38 107 0
inst_1513 72 15 0
inst_1514 58 0 0
inst_1515 70 15 0
inst_1516 78 15 0
inst_1517 82 15 0
inst_1518 80 15 0
inst_1519 74 15 0
inst_1520 68 15 0
inst_1521 68 50 0
inst_1522 68 55 0
inst_1523 62 7 0
inst_1524 60 7 0
inst_1525 60 5 0
inst_1526 66 5 0
inst_1527 68 2 0
inst_1528 66 2 0
inst_1529 80 2 0
inst_1530 88 2 0
inst_1531 88 0 0
inst_1532 68 12 0
inst_1533 68 10 0
inst_1534 66 10 0
inst_1535 54 47 0
inst_1536 52 47 0
inst_1537 52 50 0
inst_1538 52 75 0
inst_1539 52 77 0
inst_1540 50 77 0
inst_1541 18 90 0
inst_1542 58 145 0
inst_1543 16 90 0
inst_1544 14 97 0
inst_1545 8 102 0
inst_1546 6 102 0
inst_1547 14 90 0
inst_1548 20 90 0
inst_1549 20 102 0
inst_1550 22 105 0
inst_1551 14 102 0
inst_1552 16 102 0
inst_1553 12 102 0
inst_1554 10 102 0
inst_1555 10 52 0
inst_1556 6 52 0
inst_1557 4 102 0
inst_1558 4 105 0
inst_1559 6 105 0
inst_1560 8 92 0
inst_1561 6 92 0
inst_1562 10 92 0
inst_1563 20 105 0
inst_1564 20 107 0
inst_1565 22 107 0
inst_1566 22 112 0
inst_1567 32 112 0
inst_1568 34 112 0
inst_1569 72 0 0
inst_1570 58 140 0
inst_1571 70 0 0
inst_1572 74 0 0
inst_1573 92 62 0
inst_1574 90 62 0
inst_1575 68 0 0
inst_1576 70 2 0
inst_1577 70 17 0
inst_1578 74 17 0
inst_1579 90 55 0
inst_1580 94 55 0
inst_1581 94 52 0
inst_1582 92 52 0
inst_1583 92 55 0
inst_1584 88 57 0
inst_1585 64 107 0
inst_1586 62 107 0
inst_1587 60 107 0
inst_1588 64 5 0
inst_1589 64 12 0
inst_1590 64 17 0
inst_1591 68 17 0
inst_1592 68 20 0
inst_1593 68 27 0
inst_1594 74 72 0
inst_1595 74 120 0
inst_1596 74 122 0
inst_1597 86 40 0
inst_1598 72 95 0
inst_1599 88 40 0
inst_1600 88 47 0
inst_1601 88 77 0
inst_1602 90 77 0
inst_1603 84 40 0
inst_1604 82 40 0
inst_1605 66 40 0
inst_1606 64 40 0
inst_1607 90 67 0
inst_1608 90 70 0
inst_1609 90 72 0
inst_1610 90 105 0
inst_1611 92 105 0
inst_1612 94 105 0
inst_1613 64 105 0
inst_1614 56 105 0
inst_1615 54 105 0
inst_1616 68 77 0
inst_1617 66 77 0
inst_1618 64 77 0
inst_1619 64 27 0
inst_1620 62 22 0
inst_1621 66 22 0
inst_1622 64 22 0
inst_1623 68 22 0
inst_1624 68 25 0
inst_1625 86 20 0
inst_1626 72 145 0
inst_1627 84 20 0
inst_1628 78 25 0
inst_1629 66 112 0
inst_1630 64 112 0
inst_1631 88 20 0
inst_1632 88 42 0
inst_1633 88 100 0
inst_1634 90 100 0
inst_1635 52 95 0
inst_1636 50 95 0
inst_1637 50 97 0
inst_1638 52 107 0
inst_1639 54 107 0
inst_1640 56 107 0
inst_1641 56 115 0
inst_1642 56 117 0
inst_1643 54 117 0
inst_1644 94 70 0
inst_1645 94 72 0
inst_1646 92 72 0
inst_1647 88 95 0
inst_1648 74 95 0
inst_1649 74 100 0
inst_1650 66 105 0
inst_1651 66 107 0
inst_1652 66 110 0
inst_1653 18 0 0
inst_1654 18 135 0
inst_1655 16 0 0
inst_1656 22 0 0
inst_1657 24 0 0
inst_1658 26 0 0
inst_1659 14 0 0
inst_1660 20 0 0
inst_1661 20 2 0
inst_1662 20 7 0
inst_1663 16 5 0
inst_1664 14 5 0
inst_1665 12 5 0
inst_1666 14 2 0
inst_1667 16 2 0
inst_1668 12 2 0
inst_1669 12 0 0
inst_1670 10 0 0
inst_1671 8 0 0
inst_1672 10 2 0
inst_1673 8 2 0
inst_1674 6 2 0
inst_1675 6 5 0
inst_1676 8 5 0
inst_1677 10 5 0
inst_1678 10 20 0
inst_1679 8 20 0
inst_1680 6 20 0
inst_1681 18 25 0
inst_1682 58 90 0
inst_1683 20 25 0
inst_1684 14 25 0
inst_1685 6 32 0
inst_1686 6 35 0
inst_1687 16 25 0
inst_1688 12 22 0
inst_1689 12 20 0
inst_1690 14 20 0
inst_1691 14 92 0
inst_1692 12 92 0
inst_1693 12 90 0
inst_1694 10 35 0
inst_1695 8 35 0
inst_1696 4 35 0
inst_1697 2 35 0
inst_1698 2 32 0
inst_1699 4 32 0
inst_1700 4 10 0
inst_1701 2 10 0
inst_1702 2 7 0
inst_1703 4 7 0
inst_1704 4 5 0
inst_1705 4 2 0
inst_1706 22 2 0
inst_1707 24 2 0
inst_1708 26 2 0
inst_1709 46 55 0
inst_1710 18 125 0
inst_1711 48 55 0
inst_1712 34 57 0
inst_1713 32 60 0
inst_1714 32 62 0
inst_1715 44 55 0
inst_1716 34 55 0
inst_1717 32 55 0
inst_1718 30 55 0
inst_1719 34 95 0
inst_1720 34 97 0
inst_1721 32 97 0
inst_1722 32 7 0
inst_1723 32 5 0
inst_1724 34 5 0
inst_1725 32 110 0
inst_1726 30 115 0
inst_1727 28 115 0
inst_1728 38 17 0
inst_1729 36 17 0
inst_1730 34 17 0
inst_1731 34 25 0
inst_1732 32 25 0
inst_1733 30 25 0
inst_1734 12 25 0
inst_1735 8 25 0
inst_1736 6 25 0
inst_1737 72 35 0
inst_1738 72 125 0
inst_1739 70 32 0
inst_1740 90 35 0
inst_1741 98 35 0
inst_1742 100 35 0
inst_1743 74 35 0
inst_1744 70 37 0
inst_1745 70 42 0
inst_1746 70 52 0
inst_1747 98 20 0
inst_1748 100 20 0
inst_1749 102 20 0
inst_1750 102 35 0
inst_1751 102 37 0
inst_1752 100 37 0
inst_1753 100 52 0
inst_1754 98 55 0
inst_1755 98 57 0
inst_1756 98 37 0
inst_1757 98 40 0
inst_1758 96 40 0
inst_1759 96 42 0
inst_1760 94 42 0
inst_1761 94 45 0
inst_1762 70 112 0
inst_1763 70 115 0
inst_1764 70 117 0
inst_1765 18 50 0
inst_1766 58 100 0
inst_1767 20 50 0
inst_1768 20 57 0
inst_1769 20 62 0
inst_1770 16 62 0
inst_1771 22 50 0
inst_1772 20 52 0
inst_1773 22 90 0
inst_1774 22 92 0
inst_1775 20 75 0
inst_1776 22 75 0
inst_1777 22 72 0
inst_1778 22 62 0
inst_1779 24 60 0
inst_1780 22 60 0
inst_1781 14 55 0
inst_1782 14 52 0
inst_1783 12 52 0
inst_1784 22 102 0
inst_1785 24 102 0
inst_1786 26 102 0
inst_1787 24 90 0
inst_1788 24 80 0
inst_1789 26 80 0
inst_1790 24 85 0
inst_1791 20 85 0
inst_1792 22 85 0
inst_1793 58 45 0
inst_1794 18 130 0
inst_1795 54 45 0
inst_1796 50 45 0
inst_1797 28 42 0
inst_1798 14 42 0
inst_1799 56 45 0
inst_1800 52 45 0
inst_1801 38 47 0
inst_1802 32 47 0
inst_1803 30 87 0
inst_1804 28 87 0
inst_1805 26 87 0
inst_1806 26 37 0
inst_1807 26 35 0
inst_1808 24 35 0
inst_1809 6 22 0
inst_1810 4 22 0
inst_1811 2 22 0
inst_1812 8 27 0
inst_1813 6 27 0
inst_1814 12 27 0
inst_1815 30 30 0
inst_1816 30 32 0
inst_1817 30 35 0
inst_1818 30 107 0
inst_1819 30 110 0
inst_1820 28 110 0
inst_1821 46 90 0
inst_1822 58 110 0
inst_1823 44 90 0
inst_1824 30 90 0
inst_1825 30 100 0
inst_1826 28 102 0
inst_1827 48 90 0
inst_1828 34 90 0
inst_1829 32 100 0
inst_1830 32 105 0
inst_1831 12 95 0
inst_1832 10 95 0
inst_1833 10 100 0
inst_1834 22 100 0
inst_1835 24 100 0
inst_1836 20 100 0
inst_1837 16 105 0
inst_1838 12 105 0
inst_1839 14 105 0
inst_1840 22 7 0
inst_1841 22 10 0
inst_1842 20 12 0
inst_1843 20 40 0
inst_1844 20 42 0
inst_1845 22 42 0
inst_1846 32 107 0
inst_1847 34 107 0
inst_1848 36 107 0
inst_1849 18 70 0
inst_1850 18 150 0
inst_1851 16 70 0
inst_1852 16 75 0
inst_1853 12 75 0
inst_1854 14 75 0
inst_1855 20 70 0
inst_1856 22 70 0
inst_1857 28 72 0
inst_1858 28 75 0
inst_1859 16 77 0
inst_1860 12 77 0
inst_1861 14 77 0
inst_1862 14 22 0
inst_1863 16 22 0
inst_1864 20 22 0
inst_1865 20 77 0
inst_1866 22 82 0
inst_1867 20 82 0
inst_1868 30 2 0
inst_1869 32 2 0
inst_1870 28 2 0
inst_1871 28 10 0
inst_1872 26 10 0
inst_1873 24 10 0
inst_1874 26 75 0
inst_1875 26 77 0
inst_1876 28 77 0
inst_1877 18 5 0
inst_1878 46 145 0
inst_1879 22 5 0
inst_1880 24 5 0
inst_1881 34 40 0
inst_1882 34 62 0
inst_1883 20 5 0
inst_1884 24 7 0
inst_1885 32 15 0
inst_1886 32 17 0
inst_1887 36 67 0
inst_1888 40 67 0
inst_1889 38 67 0
inst_1890 38 40 0
inst_1891 32 40 0
inst_1892 32 42 0
inst_1893 28 100 0
inst_1894 16 100 0
inst_1895 14 100 0
inst_1896 30 15 0
inst_1897 28 15 0
inst_1898 28 17 0
inst_1899 30 17 0
inst_1900 30 20 0
inst_1901 30 22 0
inst_1902 32 67 0
inst_1903 32 77 0
inst_1904 30 77 0
inst_1905 46 50 0
inst_1906 46 125 0
inst_1907 42 50 0
inst_1908 36 52 0
inst_1909 30 52 0
inst_1910 30 60 0
inst_1911 44 50 0
inst_1912 40 50 0
inst_1913 40 52 0
inst_1914 38 52 0
inst_1915 14 67 0
inst_1916 12 67 0
inst_1917 24 62 0
inst_1918 26 52 0
inst_1919 28 52 0
inst_1920 28 57 0
inst_1921 30 117 0
inst_1922 32 117 0
inst_1923 32 120 0
inst_1924 36 50 0
inst_1925 34 50 0
inst_1926 34 47 0
inst_1927 40 42 0
inst_1928 42 42 0
inst_1929 38 42 0
inst_1930 36 117 0
inst_1931 34 117 0
inst_1932 34 120 0
inst_1933 72 60 0
inst_1934 86 120 0
inst_1935 74 60 0
inst_1936 68 60 0
inst_1937 66 60 0
inst_1938 64 60 0
inst_1939 70 60 0
inst_1940 74 67 0
inst_1941 98 67 0
inst_1942 100 70 0
inst_1943 74 62 0
inst_1944 76 62 0
inst_1945 78 62 0
inst_1946 78 60 0
inst_1947 78 55 0
inst_1948 78 50 0
inst_1949 80 37 0
inst_1950 82 37 0
inst_1951 84 37 0
inst_1952 74 92 0
inst_1953 76 92 0
inst_1954 80 92 0
inst_1955 96 67 0
inst_1956 100 50 0
inst_1957 100 47 0
inst_1958 100 85 0
inst_1959 100 92 0
inst_1960 100 95 0
inst_1961 58 50 0
inst_1962 18 155 0
inst_1963 60 50 0
inst_1964 54 50 0
inst_1965 32 50 0
inst_1966 30 50 0
inst_1967 56 50 0
inst_1968 38 50 0
inst_1969 34 52 0
inst_1970 32 52 0
inst_1971 32 65 0
inst_1972 28 65 0
inst_1973 30 65 0
inst_1974 28 40 0
inst_1975 22 30 0
inst_1976 22 32 0
inst_1977 12 50 0
inst_1978 12 55 0
inst_1979 10 55 0
inst_1980 8 30 0
inst_1981 6 30 0
inst_1982 10 30 0
inst_1983 28 27 0
inst_1984 28 22 0
inst_1985 28 25 0
inst_1986 22 115 0
inst_1987 20 115 0
inst_1988 20 117 0
inst_1989 58 5 0
inst_1990 86 0 0
inst_1991 54 5 0
inst_1992 56 7 0
inst_1993 60 17 0
inst_1994 62 17 0
inst_1995 56 5 0
inst_1996 62 5 0
inst_1997 78 47 0
inst_1998 80 47 0
inst_1999 90 10 0
inst_2000 90 12 0
inst_2001 88 12 0
inst_2002 64 15 0
inst_2003 62 15 0
inst_2004 62 12 0
inst_2005 78 12 0
inst_2006 90 5 0
inst_2007 90 2 0
inst_2008 66 100 0
inst_2009 68 100 0
inst_2010 70 100 0
inst_2011 74 52 0
inst_2012 76 52 0
inst_2013 78 52 0
inst_2014 82 57 0
inst_2015 84 57 0
inst_2016 84 60 0
inst_2017 86 5 0
inst_2018 86 25 0
inst_2019 82 5 0
inst_2020 84 7 0
inst_2021 84 10 0
inst_2022 82 10 0
inst_2023 84 5 0
inst_2024 88 5 0
inst_2025 98 7 0
inst_2026 100 7 0
inst_2027 76 2 0
inst_2028 74 2 0
inst_2029 76 5 0
inst_2030 76 10 0
inst_2031 78 10 0
inst_2032 80 10 0
inst_2033 88 10 0
inst_2034 88 7 0
inst_2035 90 7 0
inst_2036 78 2 0
inst_2037 78 0 0
inst_2038 76 0 0
inst_2039 78 7 0
inst_2040 80 7 0
inst_2041 82 7 0
inst_2042 82 47 0
inst_2043 82 50 0
inst_2044 80 50 0
inst_2045 72 20 0
inst_2046 86 110 0
inst_2047 74 20 0
inst_2048 74 22 0
inst_2049 74 42 0
inst_2050 68 42 0
inst_2051 70 20 0
inst_2052 76 22 0
inst_2053 92 25 0
inst_2054 96 25 0
inst_2055 90 75 0
inst_2056 94 75 0
inst_2057 92 75 0
inst_2058 74 47 0
inst_2059 66 47 0
inst_2060 66 42 0
inst_2061 66 35 0
inst_2062 66 32 0
inst_2063 68 32 0
inst_2064 90 85 0
inst_2065 92 87 0
inst_2066 94 87 0
inst_2067 94 25 0
inst_2068 94 22 0
inst_2069 96 22 0
inst_2070 98 15 0
inst_2071 100 5 0
inst_2072 98 5 0
inst_2073 72 80 0
inst_2074 86 75 0
inst_2075 68 80 0
inst_2076 74 80 0
inst_2077 74 77 0
inst_2078 76 77 0
inst_2079 70 80 0
inst_2080 76 80 0
inst_2081 82 80 0
inst_2082 92 80 0
inst_2083 66 55 0
inst_2084 66 52 0
inst_2085 68 52 0
inst_2086 68 47 0
inst_2087 66 45 0
inst_2088 68 45 0
inst_2089 92 70 0
inst_2090 96 70 0
inst_2091 98 70 0
inst_2092 78 82 0
inst_2093 80 82 0
inst_2094 82 82 0
inst_2095 82 17 0
inst_2096 84 12 0
inst_2097 82 12 0
inst_2098 94 12 0
inst_2099 98 12 0
inst_2100 96 12 0
inst_2101 46 30 0
inst_2102 46 130 0
inst_2103 48 30 0
inst_2104 42 30 0
inst_2105 38 30 0
inst_2106 38 32 0
inst_2107 50 30 0
inst_2108 44 30 0
inst_2109 32 30 0
inst_2110 32 32 0
inst_2111 40 97 0
inst_2112 38 97 0
inst_2113 38 95 0
inst_2114 38 0 0
inst_2115 36 0 0
inst_2116 28 0 0
inst_2117 24 107 0
inst_2118 16 110 0
inst_2119 16 112 0
inst_2120 44 7 0
inst_2121 42 7 0
inst_2122 40 7 0
inst_2123 32 22 0
inst_2124 24 22 0
inst_2125 22 22 0
inst_2126 14 32 0
inst_2127 14 37 0
inst_2128 12 37 0
inst_2129 46 5 0
inst_2130 46 110 0
inst_2131 48 5 0
inst_2132 42 5 0
inst_2133 42 87 0
inst_2134 44 87 0
inst_2135 44 5 0
inst_2136 36 5 0
inst_2137 34 45 0
inst_2138 28 45 0
inst_2139 42 102 0
inst_2140 40 102 0
inst_2141 38 102 0
inst_2142 38 90 0
inst_2143 40 90 0
inst_2144 42 90 0
inst_2145 48 97 0
inst_2146 50 100 0
inst_2147 50 102 0
inst_2148 36 92 0
inst_2149 34 92 0
inst_2150 32 92 0
inst_2151 32 45 0
inst_2152 30 45 0
inst_2153 26 45 0
inst_2154 4 90 0
inst_2155 4 92 0
inst_2156 2 92 0
inst_2157 58 70 0
inst_2158 86 95 0
inst_2159 60 70 0
inst_2160 62 70 0
inst_2161 62 67 0
inst_2162 60 67 0
inst_2163 60 72 0
inst_2164 60 75 0
inst_2165 80 85 0
inst_2166 82 85 0
inst_2167 94 37 0
inst_2168 94 35 0
inst_2169 96 35 0
inst_2170 96 32 0
inst_2171 94 32 0
inst_2172 92 32 0
inst_2173 82 32 0
inst_2174 80 32 0
inst_2175 84 32 0
inst_2176 70 87 0
inst_2177 76 87 0
inst_2178 78 85 0
inst_2179 80 80 0
inst_2180 80 72 0
inst_2181 80 67 0
inst_2182 88 92 0
inst_2183 92 92 0
inst_2184 90 92 0
inst_2185 58 15 0
inst_2186 46 150 0
inst_2187 52 15 0
inst_2188 56 15 0
inst_2189 56 12 0
inst_2190 52 12 0
inst_2191 60 15 0
inst_2192 54 15 0
inst_2193 54 87 0
inst_2194 52 87 0
inst_2195 54 90 0
inst_2196 54 92 0
inst_2197 52 92 0
inst_2198 52 32 0
inst_2199 50 32 0
inst_2200 50 35 0
inst_2201 42 37 0
inst_2202 42 105 0
inst_2203 44 105 0
inst_2204 98 80 0
inst_2205 102 82 0
inst_2206 102 85 0
inst_2207 60 102 0
inst_2208 62 102 0
inst_2209 60 105 0
inst_2210 60 112 0
inst_2211 60 115 0
inst_2212 60 117 0
inst_2213 46 45 0
inst_2214 46 140 0
inst_2215 48 45 0
inst_2216 44 47 0
inst_2217 44 52 0
inst_2218 42 52 0
inst_2219 44 45 0
inst_2220 42 45 0
inst_2221 40 45 0
inst_2222 40 87 0
inst_2223 22 27 0
inst_2224 14 27 0
inst_2225 10 27 0
inst_2226 48 62 0
inst_2227 48 72 0
inst_2228 48 75 0
inst_2229 48 95 0
inst_2230 48 102 0
inst_2231 48 105 0
inst_2232 44 17 0
inst_2233 40 17 0
inst_2234 42 17 0
inst_2235 42 22 0
inst_2236 40 22 0
inst_2237 40 25 0
inst_2238 40 115 0
inst_2239 38 117 0
inst_2240 40 117 0
